Exception in thread "JavaFX Application Thread" java.lang.NullPointerException: Cannot invoke "javafx.scene.layout.AnchorPane.getChildren()" because "aPane" is null
	at calendar.scheduleTable.AddDataAndLabel.createScheduleLabel(AddDataAndLabel.java:67)
	at calendar.CalendarController.showScheduleTable(CalendarController.java:305)
	at calendar.CalendarController.lambda$0(CalendarController.java:235)
	at javafx.base/com.sun.javafx.event.CompositeEventHandler.dispatchBubblingEvent(Unknown Source)
	at javafx.base/com.sun.javafx.event.EventHandlerManager.dispatchBubblingEvent(Unknown Source)
	at javafx.base/com.sun.javafx.event.EventHandlerManager.dispatchBubblingEvent(Unknown Source)
	at javafx.base/com.sun.javafx.event.CompositeEventDispatcher.dispatchBubblingEvent(Unknown Source)
	at javafx.base/com.sun.javafx.event.BasicEventDispatcher.dispatchEvent(Unknown Source)
	at javafx.base/com.sun.javafx.event.EventDispatchChainImpl.dispatchEvent(Unknown Source)
	at javafx.base/com.sun.javafx.event.BasicEventDispatcher.dispatchEvent(Unknown Source)
	at javafx.base/com.sun.javafx.event.EventDispatchChainImpl.dispatchEvent(Unknown Source)
	at javafx.base/com.sun.javafx.event.BasicEventDispatcher.dispatchEvent(Unknown Source)
	at javafx.base/com.sun.javafx.event.EventDispatchChainImpl.dispatchEvent(Unknown Source)
	at javafx.base/com.sun.javafx.event.EventUtil.fireEventImpl(Unknown Source)
	at javafx.base/com.sun.javafx.event.EventUtil.fireEvent(Unknown Source)
	at javafx.base/javafx.event.Event.fireEvent(Unknown Source)
	at javafx.graphics/javafx.scene.Scene$ClickGenerator.postProcess(Unknown Source)
	at javafx.graphics/javafx.scene.Scene$MouseHandler.process(Unknown Source)
	at javafx.graphics/javafx.scene.Scene.processMouseEvent(Unknown Source)
	at javafx.graphics/javafx.scene.Scene$ScenePeerListener.mouseEvent(Unknown Source)
	at javafx.graphics/com.sun.javafx.tk.quantum.GlassViewEventHandler$MouseEventNotification.run(Unknown Source)
	at javafx.graphics/com.sun.javafx.tk.quantum.GlassViewEventHandler$MouseEventNotification.run(Unknown Source)
	at java.base/java.security.AccessController.doPrivileged(Unknown Source)
	at javafx.graphics/com.sun.javafx.tk.quantum.GlassViewEventHandler.lambda$handleMouseEvent$2(Unknown Source)
	at javafx.graphics/com.sun.javafx.tk.quantum.QuantumToolkit.runWithoutRenderLock(Unknown Source)
	at javafx.graphics/com.sun.javafx.tk.quantum.GlassViewEventHandler.handleMouseEvent(Unknown Source)
	at javafx.graphics/com.sun.glass.ui.View.handleMouseEvent(Unknown Source)
	at javafx.graphics/com.sun.glass.ui.View.notifyMouse(Unknown Source)
	at javafx.graphics/com.sun.glass.ui.win.WinApplication._runLoop(Native Method)
	at javafx.graphics/com.sun.glass.ui.win.WinApplication.lambda$runLoop$3(Unknown Source)
	at java.base/java.lang.Thread.run(Unknown Source)
